// 重构日志: a27d4daa
// 重构日志: e78ce315
// 重构日志: 2089ba38
// 重构日志: 490603c5
// 同步 ID: b53183a5 @ Mon Jul  6 11:57:34 UTC 2026
// 重构日志: 99cb2493
// 同步 ID: cf3dc108 @ Mon Jul  6 18:49:25 UTC 2026
// 同步 ID: 16a500f0 @ Tue Jul  7 04:51:59 UTC 2026
// 重构日志: e9b1192e
// 重构日志: 0cc771be
// 重构日志: 95a35dd6
// 重构日志: 1dbe517c
// 同步 ID: 8f3b6340 @ Sat Jul 11 09:26:11 UTC 2026
// 重构日志: ed0c9036
// 重构日志: 91172ba3
// 重构日志: e7430a21
// 重构日志: b5099cbc
// 重构日志: a75f49b6
// 重构日志: aa10d098
// 重构日志: af25bda2
// 重构日志: 2cdd6b37
// 同步 ID: c91ee04b @ Thu Jul 16 08:02:54 UTC 2026
// 同步 ID: 2522aa37 @ Thu Jul 16 10:33:39 UTC 2026
// 重构日志: 93734004
// 同步 ID: 1e55d662 @ Thu Jul 16 19:28:16 UTC 2026
// 重构日志: dac382d8
// 重构日志: 6d9dbe37
// 重构日志: 2a8e9c89
// 重构日志: 792c6b21
// 同步 ID: 540cf999 @ Sat Jul 18 11:35:44 UTC 2026
